Vivado Simulator 2019.2
Copyright 1986-1999, 2001-2019 Xilinx, Inc. All Rights Reserved.
Running: C:/Xilinx/Vivado/2019.2/bin/unwrapped/win64.o/xelab.exe -wto 6a271c09b97b44dabe2ac40ad523bd99 --incr --debug typical --relax --mt 2 -L xil_defaultlib -L secureip --snapshot mod_m_up_dn_count_tb_behav xil_defaultlib.mod_m_up_dn_count_tb -log elaborate.log 
Using 2 slave threads.
Starting static elaboration
Completed static elaboration
Starting simulation data flow analysis
Completed simulation data flow analysis
Time Resolution for simulation is 1ps
Compiling package std.standard
Compiling package std.textio
Compiling package ieee.std_logic_1164
Compiling package xil_defaultlib.my_package
Compiling package xil_defaultlib.math_real
Compiling package ieee.numeric_std
Compiling package ieee.std_logic_arith
Compiling package ieee.std_logic_unsigned
Compiling architecture behavioral of entity xil_defaultlib.mod_m_up_dn_count [\mod_m_up_dn_count(m=27)\]
Compiling architecture behavioral of entity xil_defaultlib.mod_m_up_dn_count_tb
Built simulation snapshot mod_m_up_dn_count_tb_behav
