#-----------------------------------------------------------
# Vivado v2019.2 (64-bit)
# SW Build 2708876 on Wed Nov  6 21:40:23 MST 2019
# IP Build 2700528 on Thu Nov  7 00:09:20 MST 2019
# Start of session at: Wed Sep 30 10:40:08 2020
# Process ID: 10576
# Current directory: C:/Users/19136/Documents/dev/eecs-645/hw5/HW05_MIPS_MEM_Kline/InstrMem/vivado_project
# Command line: vivado.exe -gui_launcher_event rodinguilauncherevent22484 C:\Users\19136\Documents\dev\eecs-645\hw5\HW05_MIPS_MEM_Kline\InstrMem\vivado_project\vivado_project.xpr
# Log file: C:/Users/19136/Documents/dev/eecs-645/hw5/HW05_MIPS_MEM_Kline/InstrMem/vivado_project/vivado.log
# Journal file: C:/Users/19136/Documents/dev/eecs-645/hw5/HW05_MIPS_MEM_Kline/InstrMem/vivado_project\vivado.jou
#-----------------------------------------------------------
start_gui
open_project C:/Users/19136/Documents/dev/eecs-645/hw5/HW05_MIPS_MEM_Kline/InstrMem/vivado_project/vivado_project.xpr
INFO: [ProjectBase 1-489] The host OS only allows 260 characters in a normal path. The project is stored in a path with more than 80 characters. If you experience issues with IP, Block Designs, or files not being found, please consider moving the project to a location with a shorter path. Alternately consider using the OS subst command to map part of the path to a drive letter.
Current project path is 'C:/Users/19136/Documents/dev/eecs-645/hw5/HW05_MIPS_MEM_Kline/InstrMem/vivado_project'
Scanning sources...
Finished scanning sources
INFO: [IP_Flow 19-234] Refreshing IP repositories
INFO: [IP_Flow 19-1704] No user IP repositories specified
INFO: [IP_Flow 19-2313] Loaded Vivado IP repository 'C:/Xilinx/Vivado/2019.2/data/ip'.
update_compile_order -fileset sources_1
launch_simulation
Command: launch_simulation 
INFO: [Vivado 12-5682] Launching behavioral simulation in 'C:/Users/19136/Documents/dev/eecs-645/hw5/HW05_MIPS_MEM_Kline/InstrMem/vivado_project/vivado_project.sim/sim_1/behav/xsim'
INFO: [SIM-utils-51] Simulation object is 'sim_1'
INFO: [SIM-utils-54] Inspecting design source files for 'InstrMem_tb' in fileset 'sim_1'...
INFO: [USF-XSim-97] Finding global include files...
INFO: [USF-XSim-98] Fetching design files from 'sim_1'...
INFO: [USF-XSim-2] XSim::Compile design
INFO: [USF-XSim-61] Executing 'COMPILE and ANALYZE' step in 'C:/Users/19136/Documents/dev/eecs-645/hw5/HW05_MIPS_MEM_Kline/InstrMem/vivado_project/vivado_project.sim/sim_1/behav/xsim'
"xvhdl --incr --relax -prj InstrMem_tb_vhdl.prj"
INFO: [USF-XSim-69] 'compile' step finished in '1' seconds
INFO: [USF-XSim-3] XSim::Elaborate design
INFO: [USF-XSim-61] Executing 'ELABORATE' step in 'C:/Users/19136/Documents/dev/eecs-645/hw5/HW05_MIPS_MEM_Kline/InstrMem/vivado_project/vivado_project.sim/sim_1/behav/xsim'
"xelab -wto a37b6b5d02434ad0adbcbda32b56a16e --incr --debug typical --relax --mt 2 -L xil_defaultlib -L secureip --snapshot InstrMem_tb_behav xil_defaultlib.InstrMem_tb -log elaborate.log"
Vivado Simulator 2019.2
Copyright 1986-1999, 2001-2019 Xilinx, Inc. All Rights Reserved.
Running: C:/Xilinx/Vivado/2019.2/bin/unwrapped/win64.o/xelab.exe -wto a37b6b5d02434ad0adbcbda32b56a16e --incr --debug typical --relax --mt 2 -L xil_defaultlib -L secureip --snapshot InstrMem_tb_behav xil_defaultlib.InstrMem_tb -log elaborate.log 
Using 2 slave threads.
Starting static elaboration
Completed static elaboration
INFO: [XSIM 43-4323] No Change in HDL. Linking previously generated obj files to create kernel
INFO: [USF-XSim-69] 'elaborate' step finished in '1' seconds
INFO: [USF-XSim-4] XSim::Simulate design
INFO: [USF-XSim-61] Executing 'SIMULATE' step in 'C:/Users/19136/Documents/dev/eecs-645/hw5/HW05_MIPS_MEM_Kline/InstrMem/vivado_project/vivado_project.sim/sim_1/behav/xsim'
INFO: [USF-XSim-98] *** Running xsim
   with args "InstrMem_tb_behav -key {Behavioral:sim_1:Functional:InstrMem_tb} -tclbatch {InstrMem_tb.tcl} -view {C:/Users/19136/Documents/dev/eecs-645/hw5/HW05_MIPS_MEM_Kline/InstrMem/simulation_sources/InstrMem_wave.wcfg} -log {simulate.log}"
INFO: [USF-XSim-8] Loading simulator feature
Vivado Simulator 2019.2
Time resolution is 1 ps
open_wave_config C:/Users/19136/Documents/dev/eecs-645/hw5/HW05_MIPS_MEM_Kline/InstrMem/simulation_sources/InstrMem_wave.wcfg
source InstrMem_tb.tcl
# set curr_wave [current_wave_config]
# if { [string length $curr_wave] == 0 } {
#   if { [llength [get_objects]] > 0} {
#     add_wave /
#     set_property needs_save false [current_wave_config]
#   } else {
#      send_msg_id Add_Wave-1 WARNING "No top level signals found. Simulator will start without a wave window. If you want to open a wave window go to 'File->New Waveform Configuration' or type 'create_wave_config' in the TCL console."
#   }
# }
# run 300ns
INFO: [USF-XSim-96] XSim completed. Design snapshot 'InstrMem_tb_behav' loaded.
INFO: [USF-XSim-97] XSim simulation ran for 300ns
launch_simulation: Time (s): cpu = 00:00:09 ; elapsed = 00:00:06 . Memory (MB): peak = 870.668 ; gain = 38.031
close_sim
INFO: [Simtcl 6-16] Simulation closed
exit
INFO: [Common 17-206] Exiting Vivado at Wed Sep 30 10:40:47 2020...
