#-----------------------------------------------------------
# Vivado v2019.2 (64-bit)
# SW Build 2708876 on Wed Nov  6 21:40:23 MST 2019
# IP Build 2700528 on Thu Nov  7 00:09:20 MST 2019
# Start of session at: Thu Sep 24 11:18:01 2020
# Process ID: 10396
# Current directory: C:/Users/19136/Documents/dev/eecs-645/hw4/HW04_MIPS_RegFile_Kline/vivado_project
# Command line: vivado.exe -gui_launcher_event rodinguilauncherevent21028 C:\Users\19136\Documents\dev\eecs-645\hw4\HW04_MIPS_RegFile_Kline\vivado_project\vivado_project.xpr
# Log file: C:/Users/19136/Documents/dev/eecs-645/hw4/HW04_MIPS_RegFile_Kline/vivado_project/vivado.log
# Journal file: C:/Users/19136/Documents/dev/eecs-645/hw4/HW04_MIPS_RegFile_Kline/vivado_project\vivado.jou
#-----------------------------------------------------------
start_gui
open_project C:/Users/19136/Documents/dev/eecs-645/hw4/HW04_MIPS_RegFile_Kline/vivado_project/vivado_project.xpr
Scanning sources...
Finished scanning sources
INFO: [IP_Flow 19-234] Refreshing IP repositories
INFO: [IP_Flow 19-1704] No user IP repositories specified
INFO: [IP_Flow 19-2313] Loaded Vivado IP repository 'C:/Xilinx/Vivado/2019.2/data/ip'.
update_compile_order -fileset sources_1
launch_simulation
Command: launch_simulation 
INFO: [Vivado 12-5682] Launching behavioral simulation in 'C:/Users/19136/Documents/dev/eecs-645/hw4/HW04_MIPS_RegFile_Kline/vivado_project/vivado_project.sim/sim_1/behav/xsim'
INFO: [SIM-utils-51] Simulation object is 'sim_1'
INFO: [SIM-utils-54] Inspecting design source files for 'regfile_tb' in fileset 'sim_1'...
INFO: [USF-XSim-97] Finding global include files...
INFO: [USF-XSim-98] Fetching design files from 'sim_1'...
INFO: [USF-XSim-2] XSim::Compile design
INFO: [USF-XSim-61] Executing 'COMPILE and ANALYZE' step in 'C:/Users/19136/Documents/dev/eecs-645/hw4/HW04_MIPS_RegFile_Kline/vivado_project/vivado_project.sim/sim_1/behav/xsim'
"xvhdl --incr --relax -prj regfile_tb_vhdl.prj"
INFO: [VRFC 10-163] Analyzing VHDL file "C:/Users/19136/Documents/dev/eecs-645/hw4/HW04_MIPS_RegFile_Kline/design_sources/regfile.vhd" into library xil_defaultlib
INFO: [VRFC 10-3107] analyzing entity 'RegFile'
INFO: [USF-XSim-69] 'compile' step finished in '1' seconds
INFO: [USF-XSim-3] XSim::Elaborate design
INFO: [USF-XSim-61] Executing 'ELABORATE' step in 'C:/Users/19136/Documents/dev/eecs-645/hw4/HW04_MIPS_RegFile_Kline/vivado_project/vivado_project.sim/sim_1/behav/xsim'
"xelab -wto e8287fbf57504548a95a504f0fe1bd66 --incr --debug typical --relax --mt 2 -L xil_defaultlib -L secureip --snapshot regfile_tb_behav xil_defaultlib.regfile_tb -log elaborate.log"
Vivado Simulator 2019.2
Copyright 1986-1999, 2001-2019 Xilinx, Inc. All Rights Reserved.
Running: C:/Xilinx/Vivado/2019.2/bin/unwrapped/win64.o/xelab.exe -wto e8287fbf57504548a95a504f0fe1bd66 --incr --debug typical --relax --mt 2 -L xil_defaultlib -L secureip --snapshot regfile_tb_behav xil_defaultlib.regfile_tb -log elaborate.log 
Using 2 slave threads.
Starting static elaboration
Completed static elaboration
Starting simulation data flow analysis
Completed simulation data flow analysis
Time Resolution for simulation is 1ps
Compiling package std.standard
Compiling package std.textio
Compiling package ieee.std_logic_1164
Compiling package xil_defaultlib.my_package
Compiling package xil_defaultlib.math_real
Compiling package ieee.numeric_std
Compiling architecture behav of entity xil_defaultlib.RegFile [regfile_default]
Compiling architecture behavior of entity xil_defaultlib.regfile_tb
Built simulation snapshot regfile_tb_behav
INFO: [USF-XSim-69] 'elaborate' step finished in '1' seconds
INFO: [USF-XSim-4] XSim::Simulate design
INFO: [USF-XSim-61] Executing 'SIMULATE' step in 'C:/Users/19136/Documents/dev/eecs-645/hw4/HW04_MIPS_RegFile_Kline/vivado_project/vivado_project.sim/sim_1/behav/xsim'
INFO: [USF-XSim-98] *** Running xsim
   with args "regfile_tb_behav -key {Behavioral:sim_1:Functional:regfile_tb} -tclbatch {regfile_tb.tcl} -view {C:/Users/19136/Documents/dev/eecs-645/hw4/HW04_MIPS_RegFile_Kline/simulation_sources/regfile_wave.wcfg} -log {simulate.log}"
INFO: [USF-XSim-8] Loading simulator feature
Vivado Simulator 2019.2
Time resolution is 1 ps
open_wave_config C:/Users/19136/Documents/dev/eecs-645/hw4/HW04_MIPS_RegFile_Kline/simulation_sources/regfile_wave.wcfg
source regfile_tb.tcl
# set curr_wave [current_wave_config]
# if { [string length $curr_wave] == 0 } {
#   if { [llength [get_objects]] > 0} {
#     add_wave /
#     set_property needs_save false [current_wave_config]
#   } else {
#      send_msg_id Add_Wave-1 WARNING "No top level signals found. Simulator will start without a wave window. If you want to open a wave window go to 'File->New Waveform Configuration' or type 'create_wave_config' in the TCL console."
#   }
# }
# run 300ns
INFO: [USF-XSim-96] XSim completed. Design snapshot 'regfile_tb_behav' loaded.
INFO: [USF-XSim-97] XSim simulation ran for 300ns
launch_simulation: Time (s): cpu = 00:00:08 ; elapsed = 00:00:06 . Memory (MB): peak = 854.684 ; gain = 28.121
close_sim
INFO: [Simtcl 6-16] Simulation closed
launch_simulation
Command: launch_simulation 
INFO: [Vivado 12-5682] Launching behavioral simulation in 'C:/Users/19136/Documents/dev/eecs-645/hw4/HW04_MIPS_RegFile_Kline/vivado_project/vivado_project.sim/sim_1/behav/xsim'
INFO: [SIM-utils-51] Simulation object is 'sim_1'
INFO: [SIM-utils-54] Inspecting design source files for 'regfile_tb' in fileset 'sim_1'...
INFO: [USF-XSim-97] Finding global include files...
INFO: [USF-XSim-98] Fetching design files from 'sim_1'...
INFO: [USF-XSim-2] XSim::Compile design
INFO: [USF-XSim-61] Executing 'COMPILE and ANALYZE' step in 'C:/Users/19136/Documents/dev/eecs-645/hw4/HW04_MIPS_RegFile_Kline/vivado_project/vivado_project.sim/sim_1/behav/xsim'
"xvhdl --incr --relax -prj regfile_tb_vhdl.prj"
INFO: [VRFC 10-163] Analyzing VHDL file "C:/Users/19136/Documents/dev/eecs-645/hw4/HW04_MIPS_RegFile_Kline/design_sources/regfile.vhd" into library xil_defaultlib
INFO: [VRFC 10-3107] analyzing entity 'RegFile'
INFO: [USF-XSim-69] 'compile' step finished in '1' seconds
INFO: [USF-XSim-3] XSim::Elaborate design
INFO: [USF-XSim-61] Executing 'ELABORATE' step in 'C:/Users/19136/Documents/dev/eecs-645/hw4/HW04_MIPS_RegFile_Kline/vivado_project/vivado_project.sim/sim_1/behav/xsim'
"xelab -wto e8287fbf57504548a95a504f0fe1bd66 --incr --debug typical --relax --mt 2 -L xil_defaultlib -L secureip --snapshot regfile_tb_behav xil_defaultlib.regfile_tb -log elaborate.log"
Vivado Simulator 2019.2
Copyright 1986-1999, 2001-2019 Xilinx, Inc. All Rights Reserved.
Running: C:/Xilinx/Vivado/2019.2/bin/unwrapped/win64.o/xelab.exe -wto e8287fbf57504548a95a504f0fe1bd66 --incr --debug typical --relax --mt 2 -L xil_defaultlib -L secureip --snapshot regfile_tb_behav xil_defaultlib.regfile_tb -log elaborate.log 
Using 2 slave threads.
Starting static elaboration
Completed static elaboration
Starting simulation data flow analysis
Completed simulation data flow analysis
Time Resolution for simulation is 1ps
Compiling package std.standard
Compiling package std.textio
Compiling package ieee.std_logic_1164
Compiling package xil_defaultlib.my_package
Compiling package xil_defaultlib.math_real
Compiling package ieee.numeric_std
Compiling architecture behav of entity xil_defaultlib.RegFile [regfile_default]
Compiling architecture behavior of entity xil_defaultlib.regfile_tb
Built simulation snapshot regfile_tb_behav
INFO: [USF-XSim-69] 'elaborate' step finished in '1' seconds
INFO: [USF-XSim-4] XSim::Simulate design
INFO: [USF-XSim-61] Executing 'SIMULATE' step in 'C:/Users/19136/Documents/dev/eecs-645/hw4/HW04_MIPS_RegFile_Kline/vivado_project/vivado_project.sim/sim_1/behav/xsim'
INFO: [USF-XSim-98] *** Running xsim
   with args "regfile_tb_behav -key {Behavioral:sim_1:Functional:regfile_tb} -tclbatch {regfile_tb.tcl} -view {C:/Users/19136/Documents/dev/eecs-645/hw4/HW04_MIPS_RegFile_Kline/simulation_sources/regfile_wave.wcfg} -log {simulate.log}"
INFO: [USF-XSim-8] Loading simulator feature
Vivado Simulator 2019.2
Time resolution is 1 ps
open_wave_config C:/Users/19136/Documents/dev/eecs-645/hw4/HW04_MIPS_RegFile_Kline/simulation_sources/regfile_wave.wcfg
source regfile_tb.tcl
# set curr_wave [current_wave_config]
# if { [string length $curr_wave] == 0 } {
#   if { [llength [get_objects]] > 0} {
#     add_wave /
#     set_property needs_save false [current_wave_config]
#   } else {
#      send_msg_id Add_Wave-1 WARNING "No top level signals found. Simulator will start without a wave window. If you want to open a wave window go to 'File->New Waveform Configuration' or type 'create_wave_config' in the TCL console."
#   }
# }
# run 300ns
INFO: [USF-XSim-96] XSim completed. Design snapshot 'regfile_tb_behav' loaded.
INFO: [USF-XSim-97] XSim simulation ran for 300ns
launch_simulation: Time (s): cpu = 00:00:05 ; elapsed = 00:00:05 . Memory (MB): peak = 873.262 ; gain = 0.000
close_sim
INFO: [Simtcl 6-16] Simulation closed
launch_simulation
Command: launch_simulation 
INFO: [Vivado 12-5682] Launching behavioral simulation in 'C:/Users/19136/Documents/dev/eecs-645/hw4/HW04_MIPS_RegFile_Kline/vivado_project/vivado_project.sim/sim_1/behav/xsim'
INFO: [SIM-utils-51] Simulation object is 'sim_1'
INFO: [SIM-utils-54] Inspecting design source files for 'regfile_tb' in fileset 'sim_1'...
INFO: [USF-XSim-97] Finding global include files...
INFO: [USF-XSim-98] Fetching design files from 'sim_1'...
INFO: [USF-XSim-2] XSim::Compile design
INFO: [USF-XSim-61] Executing 'COMPILE and ANALYZE' step in 'C:/Users/19136/Documents/dev/eecs-645/hw4/HW04_MIPS_RegFile_Kline/vivado_project/vivado_project.sim/sim_1/behav/xsim'
"xvhdl --incr --relax -prj regfile_tb_vhdl.prj"
INFO: [VRFC 10-163] Analyzing VHDL file "C:/Users/19136/Documents/dev/eecs-645/hw4/HW04_MIPS_RegFile_Kline/design_sources/regfile.vhd" into library xil_defaultlib
INFO: [VRFC 10-3107] analyzing entity 'RegFile'
INFO: [USF-XSim-69] 'compile' step finished in '1' seconds
INFO: [USF-XSim-3] XSim::Elaborate design
INFO: [USF-XSim-61] Executing 'ELABORATE' step in 'C:/Users/19136/Documents/dev/eecs-645/hw4/HW04_MIPS_RegFile_Kline/vivado_project/vivado_project.sim/sim_1/behav/xsim'
"xelab -wto e8287fbf57504548a95a504f0fe1bd66 --incr --debug typical --relax --mt 2 -L xil_defaultlib -L secureip --snapshot regfile_tb_behav xil_defaultlib.regfile_tb -log elaborate.log"
Vivado Simulator 2019.2
Copyright 1986-1999, 2001-2019 Xilinx, Inc. All Rights Reserved.
Running: C:/Xilinx/Vivado/2019.2/bin/unwrapped/win64.o/xelab.exe -wto e8287fbf57504548a95a504f0fe1bd66 --incr --debug typical --relax --mt 2 -L xil_defaultlib -L secureip --snapshot regfile_tb_behav xil_defaultlib.regfile_tb -log elaborate.log 
Using 2 slave threads.
Starting static elaboration
Completed static elaboration
Starting simulation data flow analysis
Completed simulation data flow analysis
Time Resolution for simulation is 1ps
Compiling package std.standard
Compiling package std.textio
Compiling package ieee.std_logic_1164
Compiling package xil_defaultlib.my_package
Compiling package xil_defaultlib.math_real
Compiling package ieee.numeric_std
Compiling architecture behav of entity xil_defaultlib.RegFile [regfile_default]
Compiling architecture behavior of entity xil_defaultlib.regfile_tb
Built simulation snapshot regfile_tb_behav
INFO: [USF-XSim-69] 'elaborate' step finished in '1' seconds
INFO: [USF-XSim-4] XSim::Simulate design
INFO: [USF-XSim-61] Executing 'SIMULATE' step in 'C:/Users/19136/Documents/dev/eecs-645/hw4/HW04_MIPS_RegFile_Kline/vivado_project/vivado_project.sim/sim_1/behav/xsim'
INFO: [USF-XSim-98] *** Running xsim
   with args "regfile_tb_behav -key {Behavioral:sim_1:Functional:regfile_tb} -tclbatch {regfile_tb.tcl} -view {C:/Users/19136/Documents/dev/eecs-645/hw4/HW04_MIPS_RegFile_Kline/simulation_sources/regfile_wave.wcfg} -log {simulate.log}"
INFO: [USF-XSim-8] Loading simulator feature
Vivado Simulator 2019.2
Time resolution is 1 ps
open_wave_config C:/Users/19136/Documents/dev/eecs-645/hw4/HW04_MIPS_RegFile_Kline/simulation_sources/regfile_wave.wcfg
source regfile_tb.tcl
# set curr_wave [current_wave_config]
# if { [string length $curr_wave] == 0 } {
#   if { [llength [get_objects]] > 0} {
#     add_wave /
#     set_property needs_save false [current_wave_config]
#   } else {
#      send_msg_id Add_Wave-1 WARNING "No top level signals found. Simulator will start without a wave window. If you want to open a wave window go to 'File->New Waveform Configuration' or type 'create_wave_config' in the TCL console."
#   }
# }
# run 300ns
INFO: [USF-XSim-96] XSim completed. Design snapshot 'regfile_tb_behav' loaded.
INFO: [USF-XSim-97] XSim simulation ran for 300ns
close_sim
INFO: [Simtcl 6-16] Simulation closed
exit
INFO: [Common 17-206] Exiting Vivado at Thu Sep 24 11:29:30 2020...
