#-----------------------------------------------------------
# Vivado v2019.2 (64-bit)
# SW Build 2708876 on Wed Nov  6 21:40:23 MST 2019
# IP Build 2700528 on Thu Nov  7 00:09:20 MST 2019
# Start of session at: Tue Oct  6 18:31:07 2020
# Process ID: 17240
# Current directory: C:/Users/19136/Documents/dev/eecs-645/hw6/HW06_MIPS_ALU_Kline/vivado_project
# Command line: vivado.exe -gui_launcher_event rodinguilauncherevent22996 C:\Users\19136\Documents\dev\eecs-645\hw6\HW06_MIPS_ALU_Kline\vivado_project\vivado_project.xpr
# Log file: C:/Users/19136/Documents/dev/eecs-645/hw6/HW06_MIPS_ALU_Kline/vivado_project/vivado.log
# Journal file: C:/Users/19136/Documents/dev/eecs-645/hw6/HW06_MIPS_ALU_Kline/vivado_project\vivado.jou
#-----------------------------------------------------------
start_gui
open_project C:/Users/19136/Documents/dev/eecs-645/hw6/HW06_MIPS_ALU_Kline/vivado_project/vivado_project.xpr
Scanning sources...
Finished scanning sources
INFO: [IP_Flow 19-234] Refreshing IP repositories
INFO: [IP_Flow 19-1704] No user IP repositories specified
INFO: [IP_Flow 19-2313] Loaded Vivado IP repository 'C:/Xilinx/Vivado/2019.2/data/ip'.
update_compile_order -fileset sources_1
exit
INFO: [Common 17-206] Exiting Vivado at Tue Oct  6 18:31:40 2020...
